<?xml version="1.0" encoding="UTF-8"?>
<testsuite xmlns:xsi="http://www.w3.org/2001/XMLSchema-instance" xsi:noNamespaceSchemaLocation="https://maven.apache.org/surefire/maven-surefire-plugin/xsd/surefire-test-report-3.0.xsd" version="3.0" name="tests.MotorbikeTypeTest" time="0.042" tests="11" errors="0" skipped="0" failures="0">
  <properties>
    <property name="netbeans.deploy" value="true"/>
    <property name="java.specification.version" value="21"/>
    <property name="sun.cpu.isalist" value="amd64"/>
    <property name="sun.jnu.encoding" value="Cp1250"/>
    <property name="java.class.path" value="C:\Users\Retro\Desktop\Studia\GitHub\MotoCat\MotoCatWeb\target\test-classes;C:\Users\Retro\Desktop\Studia\GitHub\MotoCat\MotoCatWeb\target\classes;C:\Users\Retro\.m2\repository\jakarta\platform\jakarta.jakartaee-api\9.1.0\jakarta.jakartaee-api-9.1.0.jar;C:\Users\Retro\.m2\repository\org\junit\jupiter\junit-jupiter-api\5.10.2\junit-jupiter-api-5.10.2.jar;C:\Users\Retro\.m2\repository\org\opentest4j\opentest4j\1.3.0\opentest4j-1.3.0.jar;C:\Users\Retro\.m2\repository\org\junit\platform\junit-platform-commons\1.10.2\junit-platform-commons-1.10.2.jar;C:\Users\Retro\.m2\repository\org\apiguardian\apiguardian-api\1.1.2\apiguardian-api-1.1.2.jar;C:\Users\Retro\.m2\repository\org\junit\jupiter\junit-jupiter-params\5.10.2\junit-jupiter-params-5.10.2.jar;C:\Users\Retro\.m2\repository\org\junit\jupiter\junit-jupiter-engine\5.10.2\junit-jupiter-engine-5.10.2.jar;C:\Users\Retro\.m2\repository\org\junit\platform\junit-platform-engine\1.10.2\junit-platform-engine-1.10.2.jar;"/>
    <property name="java.vm.vendor" value="Oracle Corporation"/>
    <property name="sun.arch.data.model" value="64"/>
    <property name="user.variant" value=""/>
    <property name="exec.args" value="--enable-preview"/>
    <property name="exec.appArgs" value=""/>
    <property name="java.vendor.url" value="https://java.oracle.com/"/>
    <property name="user.timezone" value="Europe/Warsaw"/>
    <property name="user.country.format" value="PL"/>
    <property name="os.name" value="Windows 10"/>
    <property name="java.vm.specification.version" value="21"/>
    <property name="user.country" value="US"/>
    <property name="sun.java.launcher" value="SUN_STANDARD"/>
    <property name="sun.boot.library.path" value="C:\Program Files\Java\jdk-21\bin"/>
    <property name="sun.java.command" value="C:\Users\Retro\AppData\Local\Temp\surefire10339407419435576771\surefirebooter-20241216023026519_3.jar C:\Users\Retro\AppData\Local\Temp\surefire10339407419435576771 2024-12-16T02-30-26_333-jvmRun1 surefire-20241216023026519_1tmp surefire_0-20241216023026519_2tmp"/>
    <property name="jdk.debug" value="release"/>
    <property name="exec.vmArgs" value=""/>
    <property name="surefire.test.class.path" value="C:\Users\Retro\Desktop\Studia\GitHub\MotoCat\MotoCatWeb\target\test-classes;C:\Users\Retro\Desktop\Studia\GitHub\MotoCat\MotoCatWeb\target\classes;C:\Users\Retro\.m2\repository\jakarta\platform\jakarta.jakartaee-api\9.1.0\jakarta.jakartaee-api-9.1.0.jar;C:\Users\Retro\.m2\repository\org\junit\jupiter\junit-jupiter-api\5.10.2\junit-jupiter-api-5.10.2.jar;C:\Users\Retro\.m2\repository\org\opentest4j\opentest4j\1.3.0\opentest4j-1.3.0.jar;C:\Users\Retro\.m2\repository\org\junit\platform\junit-platform-commons\1.10.2\junit-platform-commons-1.10.2.jar;C:\Users\Retro\.m2\repository\org\apiguardian\apiguardian-api\1.1.2\apiguardian-api-1.1.2.jar;C:\Users\Retro\.m2\repository\org\junit\jupiter\junit-jupiter-params\5.10.2\junit-jupiter-params-5.10.2.jar;C:\Users\Retro\.m2\repository\org\junit\jupiter\junit-jupiter-engine\5.10.2\junit-jupiter-engine-5.10.2.jar;C:\Users\Retro\.m2\repository\org\junit\platform\junit-platform-engine\1.10.2\junit-platform-engine-1.10.2.jar;"/>
    <property name="sun.cpu.endian" value="little"/>
    <property name="user.home" value="C:\Users\Retro"/>
    <property name="user.language" value="en"/>
    <property name="java.specification.vendor" value="Oracle Corporation"/>
    <property name="java.version.date" value="2024-07-16"/>
    <property name="java.home" value="C:\Program Files\Java\jdk-21"/>
    <property name="file.separator" value="\"/>
    <property name="basedir" value="C:\Users\Retro\Desktop\Studia\GitHub\MotoCat\MotoCatWeb"/>
    <property name="java.vm.compressedOopsMode" value="Zero based"/>
    <property name="line.separator" value="&#10;"/>
    <property name="java.vm.specification.vendor" value="Oracle Corporation"/>
    <property name="java.specification.name" value="Java Platform API Specification"/>
    <property name="surefire.real.class.path" value="C:\Users\Retro\AppData\Local\Temp\surefire10339407419435576771\surefirebooter-20241216023026519_3.jar"/>
    <property name="user.script" value=""/>
    <property name="sun.management.compiler" value="HotSpot 64-Bit Tiered Compilers"/>
    <property name="netbeans.deploy.clientUrlPart" value=""/>
    <property name="java.runtime.version" value="21.0.4+8-LTS-274"/>
    <property name="user.name" value="Retro"/>
    <property name="stdout.encoding" value="Cp1250"/>
    <property name="path.separator" value=";"/>
    <property name="os.version" value="10.0"/>
    <property name="java.runtime.name" value="Java(TM) SE Runtime Environment"/>
    <property name="file.encoding" value="UTF-8"/>
    <property name="java.vm.name" value="Java HotSpot(TM) 64-Bit Server VM"/>
    <property name="maven.ext.class.path" value="C:\Program Files\NetBeans-22\netbeans\java\maven-nblib\netbeans-eventspy.jar"/>
    <property name="localRepository" value="C:\Users\Retro\.m2\repository"/>
    <property name="java.vendor.url.bug" value="https://bugreport.java.com/bugreport/"/>
    <property name="java.io.tmpdir" value="C:\Users\Retro\AppData\Local\Temp\"/>
    <property name="java.version" value="21.0.4"/>
    <property name="user.dir" value="C:\Users\Retro\Desktop\Studia\GitHub\MotoCat\MotoCatWeb"/>
    <property name="os.arch" value="amd64"/>
    <property name="java.vm.specification.name" value="Java Virtual Machine Specification"/>
    <property name="user.language.format" value="pl"/>
    <property name="sun.os.patch.level" value=""/>
    <property name="native.encoding" value="Cp1250"/>
    <property name="java.library.path" value="C:\Program Files\Java\jdk-21\bin;C:\Windows\Sun\Java\bin;C:\Windows\system32;C:\Windows;C:\Program Files\Common Files\Oracle\Java\javapath;C:\Windows\system32;C:\Windows;C:\Windows\System32\Wbem;C:\Windows\System32\WindowsPowerShell\v1.0\;C:\Windows\System32\OpenSSH\;C:\Program Files\dotnet\;C:\MinGW\bin;C;C:\Program Files (x86)\Windows Kits\10\Windows Performance Toolkit\;C:\Program Files\Microchip\xc8\v2.36\bin;C:\Users\Retro\AppData\Local\Microsoft\WindowsApps;C:\Users\Retro\AppData\Local\Programs\Microsoft VS Code\bin;C:\Users\Retro\AppData\Local\Programs\MiKTeX\miktex\bin\x64\;C:\Users\Retro\.dotnet\tools;C:\Users\Retro\AppData\Local\GitHubDesktop\bin;."/>
    <property name="java.vm.info" value="mixed mode, sharing"/>
    <property name="stderr.encoding" value="Cp1250"/>
    <property name="java.vendor" value="Oracle Corporation"/>
    <property name="java.vm.version" value="21.0.4+8-LTS-274"/>
    <property name="sun.io.unicode.encoding" value="UnicodeLittle"/>
    <property name="java.class.version" value="65.0"/>
  </properties>
  <testcase name="testToString(MotorbikeType, String)[1]" classname="tests.MotorbikeTypeTest" time="0.006"/>
  <testcase name="testToString(MotorbikeType, String)[2]" classname="tests.MotorbikeTypeTest" time="0.002"/>
  <testcase name="testToString(MotorbikeType, String)[3]" classname="tests.MotorbikeTypeTest" time="0.001"/>
  <testcase name="testToString(MotorbikeType, String)[4]" classname="tests.MotorbikeTypeTest" time="0.001"/>
  <testcase name="testToString(MotorbikeType, String)[5]" classname="tests.MotorbikeTypeTest" time="0.002"/>
  <testcase name="testGetFormattedValues" classname="tests.MotorbikeTypeTest" time="0.003"/>
  <testcase name="testFromString(String, MotorbikeType)[1]" classname="tests.MotorbikeTypeTest" time="0.002"/>
  <testcase name="testFromString(String, MotorbikeType)[2]" classname="tests.MotorbikeTypeTest" time="0.001"/>
  <testcase name="testFromString(String, MotorbikeType)[3]" classname="tests.MotorbikeTypeTest" time="0.001"/>
  <testcase name="testFromString(String, MotorbikeType)[4]" classname="tests.MotorbikeTypeTest" time="0.001"/>
  <testcase name="testFromString(String, MotorbikeType)[5]" classname="tests.MotorbikeTypeTest" time="0.0"/>
</testsuite>